2026-02-15 02:58:07,243 - __main__ - INFO - ============================================================
2026-02-15 02:58:07,243 - __main__ - INFO - üåæ Agro Marketplace Bot
2026-02-15 02:58:07,243 - __main__ - INFO - ============================================================
2026-02-15 02:58:07,259 - __main__ - INFO - üîß –ó–∞–ø—É—Å–∫ –º—ñ–≥—Ä–∞—Ü—ñ—ó –±–∞–∑–∏ –¥–∞–Ω–∏—Ö...
2026-02-15 02:58:07,259 - __main__ - INFO - ‚úÖ –ú—ñ–≥—Ä–∞—Ü—ñ—è –∑–∞–≤–µ—Ä—à–µ–Ω–∞ —É—Å–ø—ñ—à–Ω–æ
2026-02-15 02:58:07,556 - __main__ - INFO - ‚úÖ BanCheckMiddleware –ø—ñ–¥–∫–ª—é—á–µ–Ω–æ
2026-02-15 02:58:07,634 - __main__ - INFO - ‚úÖ –í—Å—ñ —Ä–æ—É—Ç–µ—Ä–∏ –ø—ñ–¥–∫–ª—é—á–µ–Ω–æ
2026-02-15 02:58:07,634 - __main__ - INFO - üìã –ê–¥–º—ñ–Ω—ñ—Å—Ç—Ä–∞—Ç–æ—Ä–∏: [5554286686]
2026-02-15 02:58:07,634 - __main__ - INFO - üíæ –ë–∞–∑–∞ –¥–∞–Ω–∏—Ö: D:\–ù–æ–≤–∞ –ø–∞–ø–∫–∞\agro_marketplace\data\agro_bot.db
2026-02-15 02:58:07,650 - __main__ - INFO - üöÄ –ó–∞–ø—É—Å–∫ polling...
2026-02-15 02:58:07,822 - aiogram.dispatcher - INFO - Start polling
2026-02-15 02:58:07,851 - aiogram.dispatcher - INFO - Run polling for bot @agro_botbot id=8390953091 - 'agro_bot'
2026-02-15 02:58:37,985 - aiogram.event - INFO - Update id=13506858 is not handled. Duration 15 ms by bot id=8390953091
2026-02-15 02:58:46,331 - aiogram.event - INFO - Update id=13506859 is handled. Duration 234 ms by bot id=8390953091
2026-02-15 02:58:49,345 - aiogram.event - INFO - Update id=13506860 is not handled. Duration 15 ms by bot id=8390953091
2026-02-15 02:58:49,346 - aiogram.event - ERROR - Cause exception while process update id=13506860 by bot id=8390953091
AttributeError: 'Message' object has no attribute 'message'
Traceback (most recent call last):
  File "C:\Users\User\AppData\Roaming\Python\Python311\site-packages\pydantic\main.py", line 753, in __getattr__
    return pydantic_extra[item]
           ~~~~~~~~~~~~~~^^^^^^
KeyError: 'message'

The above exception was the direct cause of the following exception:

Traceback (most recent call last):
  File "C:\Users\User\AppData\Roaming\Python\Python311\site-packages\aiogram\dispatcher\dispatcher.py", line 309, in _process_update
    response = await self.feed_update(bot, update, **kwargs)
               ^^^^^^^^^^^^^^^^^^^^^^^^^^^^^^^^^^^^^^^^^^^^^
  File "C:\Users\User\AppData\Roaming\Python\Python311\site-packages\aiogram\dispatcher\dispatcher.py", line 158, in feed_update
    response = await self.update.wrap_outer_middleware(
               ^^^^^^^^^^^^^^^^^^^^^^^^^^^^^^^^^^^^^^^^
  File "C:\Users\User\AppData\Roaming\Python\Python311\site-packages\aiogram\dispatcher\middlewares\error.py", line 25, in __call__
    return await handler(event, data)
           ^^^^^^^^^^^^^^^^^^^^^^^^^^
  File "C:\Users\User\AppData\Roaming\Python\Python311\site-packages\aiogram\dispatcher\middlewares\user_context.py", line 56, in __call__
    return await handler(event, data)
           ^^^^^^^^^^^^^^^^^^^^^^^^^^
  File "C:\Users\User\AppData\Roaming\Python\Python311\site-packages\aiogram\fsm\middleware.py", line 42, in __call__
    return await handler(event, data)
           ^^^^^^^^^^^^^^^^^^^^^^^^^^
  File "C:\Users\User\AppData\Roaming\Python\Python311\site-packages\aiogram\dispatcher\event\telegram.py", line 121, in trigger
    return await wrapped_inner(event, kwargs)
           ^^^^^^^^^^^^^^^^^^^^^^^^^^^^^^^^^^
  File "C:\Users\User\AppData\Roaming\Python\Python311\site-packages\aiogram\dispatcher\event\handler.py", line 43, in call
    return await wrapped()
           ^^^^^^^^^^^^^^^
  File "C:\Users\User\AppData\Roaming\Python\Python311\site-packages\aiogram\dispatcher\dispatcher.py", line 276, in _listen_update
    return await self.propagate_event(update_type=update_type, event=event, **kwargs)
           ^^^^^^^^^^^^^^^^^^^^^^^^^^^^^^^^^^^^^^^^^^^^^^^^^^^^^^^^^^^^^^^^^^^^^^^^^^
  File "C:\Users\User\AppData\Roaming\Python\Python311\site-packages\aiogram\dispatcher\router.py", line 146, in propagate_event
    return await observer.wrap_outer_middleware(_wrapped, event=event, data=kwargs)
           ^^^^^^^^^^^^^^^^^^^^^^^^^^^^^^^^^^^^^^^^^^^^^^^^^^^^^^^^^^^^^^^^^^^^^^^^
  File "C:\Users\User\AppData\Roaming\Python\Python311\site-packages\aiogram\dispatcher\router.py", line 141, in _wrapped
    return await self._propagate_event(
           ^^^^^^^^^^^^^^^^^^^^^^^^^^^^
  File "C:\Users\User\AppData\Roaming\Python\Python311\site-packages\aiogram\dispatcher\router.py", line 174, in _propagate_event
    response = await router.propagate_event(update_type=update_type, event=event, **kwargs)
               ^^^^^^^^^^^^^^^^^^^^^^^^^^^^^^^^^^^^^^^^^^^^^^^^^^^^^^^^^^^^^^^^^^^^^^^^^^^^
  File "C:\Users\User\AppData\Roaming\Python\Python311\site-packages\aiogram\dispatcher\router.py", line 146, in propagate_event
    return await observer.wrap_outer_middleware(_wrapped, event=event, data=kwargs)
           ^^^^^^^^^^^^^^^^^^^^^^^^^^^^^^^^^^^^^^^^^^^^^^^^^^^^^^^^^^^^^^^^^^^^^^^^
  File "C:\Users\User\AppData\Roaming\Python\Python311\site-packages\aiogram\dispatcher\router.py", line 141, in _wrapped
    return await self._propagate_event(
           ^^^^^^^^^^^^^^^^^^^^^^^^^^^^
  File "C:\Users\User\AppData\Roaming\Python\Python311\site-packages\aiogram\dispatcher\router.py", line 166, in _propagate_event
    response = await observer.trigger(event, **kwargs)
               ^^^^^^^^^^^^^^^^^^^^^^^^^^^^^^^^^^^^^^^
  File "C:\Users\User\AppData\Roaming\Python\Python311\site-packages\aiogram\dispatcher\event\telegram.py", line 121, in trigger
    return await wrapped_inner(event, kwargs)
           ^^^^^^^^^^^^^^^^^^^^^^^^^^^^^^^^^^
  File "D:\–ù–æ–≤–∞ –ø–∞–ø–∫–∞\agro_marketplace\src\bot\middlewares\ban_check.py", line 33, in __call__
    if event.message:
       ^^^^^^^^^^^^^
  File "C:\Users\User\AppData\Roaming\Python\Python311\site-packages\pydantic\main.py", line 755, in __getattr__
    raise AttributeError(f'{type(self).__name__!r} object has no attribute {item!r}') from exc
AttributeError: 'Message' object has no attribute 'message'
2026-02-15 02:58:54,607 - aiogram.event - INFO - Update id=13506861 is not handled. Duration 0 ms by bot id=8390953091
2026-02-15 02:58:54,607 - aiogram.event - ERROR - Cause exception while process update id=13506861 by bot id=8390953091
AttributeError: 'Message' object has no attribute 'message'
Traceback (most recent call last):
  File "C:\Users\User\AppData\Roaming\Python\Python311\site-packages\pydantic\main.py", line 753, in __getattr__
    return pydantic_extra[item]
           ~~~~~~~~~~~~~~^^^^^^
KeyError: 'message'

The above exception was the direct cause of the following exception:

Traceback (most recent call last):
  File "C:\Users\User\AppData\Roaming\Python\Python311\site-packages\aiogram\dispatcher\dispatcher.py", line 309, in _process_update
    response = await self.feed_update(bot, update, **kwargs)
               ^^^^^^^^^^^^^^^^^^^^^^^^^^^^^^^^^^^^^^^^^^^^^
  File "C:\Users\User\AppData\Roaming\Python\Python311\site-packages\aiogram\dispatcher\dispatcher.py", line 158, in feed_update
    response = await self.update.wrap_outer_middleware(
               ^^^^^^^^^^^^^^^^^^^^^^^^^^^^^^^^^^^^^^^^
  File "C:\Users\User\AppData\Roaming\Python\Python311\site-packages\aiogram\dispatcher\middlewares\error.py", line 25, in __call__
    return await handler(event, data)
           ^^^^^^^^^^^^^^^^^^^^^^^^^^
  File "C:\Users\User\AppData\Roaming\Python\Python311\site-packages\aiogram\dispatcher\middlewares\user_context.py", line 56, in __call__
    return await handler(event, data)
           ^^^^^^^^^^^^^^^^^^^^^^^^^^
  File "C:\Users\User\AppData\Roaming\Python\Python311\site-packages\aiogram\fsm\middleware.py", line 42, in __call__
    return await handler(event, data)
           ^^^^^^^^^^^^^^^^^^^^^^^^^^
  File "C:\Users\User\AppData\Roaming\Python\Python311\site-packages\aiogram\dispatcher\event\telegram.py", line 121, in trigger
    return await wrapped_inner(event, kwargs)
           ^^^^^^^^^^^^^^^^^^^^^^^^^^^^^^^^^^
  File "C:\Users\User\AppData\Roaming\Python\Python311\site-packages\aiogram\dispatcher\event\handler.py", line 43, in call
    return await wrapped()
           ^^^^^^^^^^^^^^^
  File "C:\Users\User\AppData\Roaming\Python\Python311\site-packages\aiogram\dispatcher\dispatcher.py", line 276, in _listen_update
    return await self.propagate_event(update_type=update_type, event=event, **kwargs)
           ^^^^^^^^^^^^^^^^^^^^^^^^^^^^^^^^^^^^^^^^^^^^^^^^^^^^^^^^^^^^^^^^^^^^^^^^^^
  File "C:\Users\User\AppData\Roaming\Python\Python311\site-packages\aiogram\dispatcher\router.py", line 146, in propagate_event
    return await observer.wrap_outer_middleware(_wrapped, event=event, data=kwargs)
           ^^^^^^^^^^^^^^^^^^^^^^^^^^^^^^^^^^^^^^^^^^^^^^^^^^^^^^^^^^^^^^^^^^^^^^^^
  File "C:\Users\User\AppData\Roaming\Python\Python311\site-packages\aiogram\dispatcher\router.py", line 141, in _wrapped
    return await self._propagate_event(
           ^^^^^^^^^^^^^^^^^^^^^^^^^^^^
  File "C:\Users\User\AppData\Roaming\Python\Python311\site-packages\aiogram\dispatcher\router.py", line 174, in _propagate_event
    response = await router.propagate_event(update_type=update_type, event=event, **kwargs)
               ^^^^^^^^^^^^^^^^^^^^^^^^^^^^^^^^^^^^^^^^^^^^^^^^^^^^^^^^^^^^^^^^^^^^^^^^^^^^
  File "C:\Users\User\AppData\Roaming\Python\Python311\site-packages\aiogram\dispatcher\router.py", line 146, in propagate_event
    return await observer.wrap_outer_middleware(_wrapped, event=event, data=kwargs)
           ^^^^^^^^^^^^^^^^^^^^^^^^^^^^^^^^^^^^^^^^^^^^^^^^^^^^^^^^^^^^^^^^^^^^^^^^
  File "C:\Users\User\AppData\Roaming\Python\Python311\site-packages\aiogram\dispatcher\router.py", line 141, in _wrapped
    return await self._propagate_event(
           ^^^^^^^^^^^^^^^^^^^^^^^^^^^^
  File "C:\Users\User\AppData\Roaming\Python\Python311\site-packages\aiogram\dispatcher\router.py", line 166, in _propagate_event
    response = await observer.trigger(event, **kwargs)
               ^^^^^^^^^^^^^^^^^^^^^^^^^^^^^^^^^^^^^^^
  File "C:\Users\User\AppData\Roaming\Python\Python311\site-packages\aiogram\dispatcher\event\telegram.py", line 121, in trigger
    return await wrapped_inner(event, kwargs)
           ^^^^^^^^^^^^^^^^^^^^^^^^^^^^^^^^^^
  File "D:\–ù–æ–≤–∞ –ø–∞–ø–∫–∞\agro_marketplace\src\bot\middlewares\ban_check.py", line 33, in __call__
    if event.message:
       ^^^^^^^^^^^^^
  File "C:\Users\User\AppData\Roaming\Python\Python311\site-packages\pydantic\main.py", line 755, in __getattr__
    raise AttributeError(f'{type(self).__name__!r} object has no attribute {item!r}') from exc
AttributeError: 'Message' object has no attribute 'message'
2026-02-15 02:58:56,505 - aiogram.event - INFO - Update id=13506862 is not handled. Duration 0 ms by bot id=8390953091
2026-02-15 02:58:56,505 - aiogram.event - ERROR - Cause exception while process update id=13506862 by bot id=8390953091
AttributeError: 'Message' object has no attribute 'message'
Traceback (most recent call last):
  File "C:\Users\User\AppData\Roaming\Python\Python311\site-packages\pydantic\main.py", line 753, in __getattr__
    return pydantic_extra[item]
           ~~~~~~~~~~~~~~^^^^^^
KeyError: 'message'

The above exception was the direct cause of the following exception:

Traceback (most recent call last):
  File "C:\Users\User\AppData\Roaming\Python\Python311\site-packages\aiogram\dispatcher\dispatcher.py", line 309, in _process_update
    response = await self.feed_update(bot, update, **kwargs)
               ^^^^^^^^^^^^^^^^^^^^^^^^^^^^^^^^^^^^^^^^^^^^^
  File "C:\Users\User\AppData\Roaming\Python\Python311\site-packages\aiogram\dispatcher\dispatcher.py", line 158, in feed_update
    response = await self.update.wrap_outer_middleware(
               ^^^^^^^^^^^^^^^^^^^^^^^^^^^^^^^^^^^^^^^^
  File "C:\Users\User\AppData\Roaming\Python\Python311\site-packages\aiogram\dispatcher\middlewares\error.py", line 25, in __call__
    return await handler(event, data)
           ^^^^^^^^^^^^^^^^^^^^^^^^^^
  File "C:\Users\User\AppData\Roaming\Python\Python311\site-packages\aiogram\dispatcher\middlewares\user_context.py", line 56, in __call__
    return await handler(event, data)
           ^^^^^^^^^^^^^^^^^^^^^^^^^^
  File "C:\Users\User\AppData\Roaming\Python\Python311\site-packages\aiogram\fsm\middleware.py", line 42, in __call__
    return await handler(event, data)
           ^^^^^^^^^^^^^^^^^^^^^^^^^^
  File "C:\Users\User\AppData\Roaming\Python\Python311\site-packages\aiogram\dispatcher\event\telegram.py", line 121, in trigger
    return await wrapped_inner(event, kwargs)
           ^^^^^^^^^^^^^^^^^^^^^^^^^^^^^^^^^^
  File "C:\Users\User\AppData\Roaming\Python\Python311\site-packages\aiogram\dispatcher\event\handler.py", line 43, in call
    return await wrapped()
           ^^^^^^^^^^^^^^^
  File "C:\Users\User\AppData\Roaming\Python\Python311\site-packages\aiogram\dispatcher\dispatcher.py", line 276, in _listen_update
    return await self.propagate_event(update_type=update_type, event=event, **kwargs)
           ^^^^^^^^^^^^^^^^^^^^^^^^^^^^^^^^^^^^^^^^^^^^^^^^^^^^^^^^^^^^^^^^^^^^^^^^^^
  File "C:\Users\User\AppData\Roaming\Python\Python311\site-packages\aiogram\dispatcher\router.py", line 146, in propagate_event
    return await observer.wrap_outer_middleware(_wrapped, event=event, data=kwargs)
           ^^^^^^^^^^^^^^^^^^^^^^^^^^^^^^^^^^^^^^^^^^^^^^^^^^^^^^^^^^^^^^^^^^^^^^^^
  File "C:\Users\User\AppData\Roaming\Python\Python311\site-packages\aiogram\dispatcher\router.py", line 141, in _wrapped
    return await self._propagate_event(
           ^^^^^^^^^^^^^^^^^^^^^^^^^^^^
  File "C:\Users\User\AppData\Roaming\Python\Python311\site-packages\aiogram\dispatcher\router.py", line 174, in _propagate_event
    response = await router.propagate_event(update_type=update_type, event=event, **kwargs)
               ^^^^^^^^^^^^^^^^^^^^^^^^^^^^^^^^^^^^^^^^^^^^^^^^^^^^^^^^^^^^^^^^^^^^^^^^^^^^
  File "C:\Users\User\AppData\Roaming\Python\Python311\site-packages\aiogram\dispatcher\router.py", line 146, in propagate_event
    return await observer.wrap_outer_middleware(_wrapped, event=event, data=kwargs)
           ^^^^^^^^^^^^^^^^^^^^^^^^^^^^^^^^^^^^^^^^^^^^^^^^^^^^^^^^^^^^^^^^^^^^^^^^
  File "C:\Users\User\AppData\Roaming\Python\Python311\site-packages\aiogram\dispatcher\router.py", line 141, in _wrapped
    return await self._propagate_event(
           ^^^^^^^^^^^^^^^^^^^^^^^^^^^^
  File "C:\Users\User\AppData\Roaming\Python\Python311\site-packages\aiogram\dispatcher\router.py", line 166, in _propagate_event
    response = await observer.trigger(event, **kwargs)
               ^^^^^^^^^^^^^^^^^^^^^^^^^^^^^^^^^^^^^^^
  File "C:\Users\User\AppData\Roaming\Python\Python311\site-packages\aiogram\dispatcher\event\telegram.py", line 121, in trigger
    return await wrapped_inner(event, kwargs)
           ^^^^^^^^^^^^^^^^^^^^^^^^^^^^^^^^^^
  File "D:\–ù–æ–≤–∞ –ø–∞–ø–∫–∞\agro_marketplace\src\bot\middlewares\ban_check.py", line 33, in __call__
    if event.message:
       ^^^^^^^^^^^^^
  File "C:\Users\User\AppData\Roaming\Python\Python311\site-packages\pydantic\main.py", line 755, in __getattr__
    raise AttributeError(f'{type(self).__name__!r} object has no attribute {item!r}') from exc
AttributeError: 'Message' object has no attribute 'message'
2026-02-15 03:09:52,458 - aiogram.dispatcher - INFO - Start polling
2026-02-15 03:09:52,505 - aiogram.dispatcher - INFO - Run polling for bot @agro_botbot id=8390953091 - 'agro_bot'
2026-02-15 03:09:56,952 - aiogram.event - INFO - Update id=13506863 is not handled. Duration 14 ms by bot id=8390953091
2026-02-15 03:09:58,447 - aiogram.event - INFO - Update id=13506864 is handled. Duration 157 ms by bot id=8390953091
2026-02-15 03:10:02,328 - aiogram.event - INFO - Update id=13506865 is handled. Duration 78 ms by bot id=8390953091
2026-02-15 03:10:03,526 - aiogram.event - INFO - Update id=13506866 is handled. Duration 125 ms by bot id=8390953091
2026-02-15 03:10:04,713 - aiogram.event - INFO - Update id=13506867 is handled. Duration 62 ms by bot id=8390953091
2026-02-15 03:10:22,558 - aiogram.dispatcher - INFO - Polling stopped
2026-02-15 03:10:22,813 - aiogram.dispatcher - INFO - Polling stopped for bot @agro_botbot id=8390953091 - 'agro_bot'
2026-02-15 03:16:10,578 - aiogram.dispatcher - INFO - Start polling
2026-02-15 03:16:10,625 - aiogram.dispatcher - INFO - Run polling for bot @agro_botbot id=8390953091 - 'agro_bot'
